c:\users\boss\desktop\componentframework24.0.3 vulkan - copy\componentframework\debug\vc143.pdb
c:\users\boss\desktop\componentframework24.0.3 vulkan - copy\componentframework\debug\vc143.idb
c:\users\boss\desktop\componentframework24.0.3 vulkan - copy\componentframework\debug\vulkanrenderer.obj
c:\users\boss\desktop\componentframework24.0.3 vulkan - copy\componentframework\debug\timer.obj
c:\users\boss\desktop\componentframework24.0.3 vulkan - copy\componentframework\debug\scene0.obj
c:\users\boss\desktop\componentframework24.0.3 vulkan - copy\componentframework\debug\main.obj
c:\users\boss\desktop\componentframework24.0.3 vulkan - copy\componentframework\debug\scenemanager.obj
c:\users\boss\desktop\componentframework24.0.3 vulkan - copy\componentframework\debug\openglrenderer.obj
c:\users\boss\desktop\componentframework24.0.3 vulkan - copy\componentframework\debug\debug.obj
c:\users\boss\desktop\componentframework24.0.3 vulkan - copy\componentframework\debug\camera.obj
c:\users\boss\desktop\componentframework24.0.3 vulkan - copy\debug\componentframework.exe
c:\users\boss\desktop\componentframework24.0.3 vulkan - copy\debug\componentframework.pdb
c:\users\boss\desktop\componentframework24.0.3 vulkan - copy\componentframework\debug\componentframework.ilk
c:\users\boss\desktop\componentframework24.0.3 vulkan - copy\componentframework\debug\componen.614c2865.tlog\cl.command.1.tlog
c:\users\boss\desktop\componentframework24.0.3 vulkan - copy\componentframework\debug\componen.614c2865.tlog\cl.items.tlog
c:\users\boss\desktop\componentframework24.0.3 vulkan - copy\componentframework\debug\componen.614c2865.tlog\cl.read.1.tlog
c:\users\boss\desktop\componentframework24.0.3 vulkan - copy\componentframework\debug\componen.614c2865.tlog\cl.write.1.tlog
c:\users\boss\desktop\componentframework24.0.3 vulkan - copy\componentframework\debug\componen.614c2865.tlog\link.command.1.tlog
c:\users\boss\desktop\componentframework24.0.3 vulkan - copy\componentframework\debug\componen.614c2865.tlog\link.read.1.tlog
c:\users\boss\desktop\componentframework24.0.3 vulkan - copy\componentframework\debug\componen.614c2865.tlog\link.secondary.1.tlog
c:\users\boss\desktop\componentframework24.0.3 vulkan - copy\componentframework\debug\componen.614c2865.tlog\link.write.1.tlog
